<?xml version="1.0" encoding="UTF-8"?>
<!-- Generated by org.testng.reporters.JUnitReportReporter -->
<testsuite hostname="DESKTOP-63SONG1" failures="0" tests="1" name="testCases.TC006_RF" time="3.411" errors="0" timestamp="2025-08-10T18:35:33 IST" skipped="0">
  <testcase classname="testCases.TC006_RF" name="verify_NewLetterNo" time="3.411"/>
</testsuite> <!-- testCases.TC006_RF -->
