<?xml version="1.0" encoding="UTF-8"?>
<!-- Generated by org.testng.reporters.JUnitReportReporter -->
<testsuite hostname="DESKTOP-63SONG1" failures="0" tests="4" name="testNG.OrangeHRMTest" time="15.547" errors="0" timestamp="2025-05-15T17:20:59 IST" skipped="0">
  <testcase classname="testNG.OrangeHRMTest" name="openapp" time="11.799"/>
  <testcase classname="testNG.OrangeHRMTest" name="testlogo" time="3.113"/>
  <testcase classname="testNG.OrangeHRMTest" name="login" time="0.397"/>
  <testcase classname="testNG.OrangeHRMTest" name="teardown" time="0.238"/>
</testsuite> <!-- testNG.OrangeHRMTest -->
